
ROM used:   2010/8192 (25%)
            2010/8192 (25%) including unused fragments

            0.7 Average locations per line
            2.4 Average locations per statement

RAM used:   68/368 (18%) at main() level
            71/368 (19%) worst case

Stack used: 1 worst case (0 in main + 1 for interrupts)
Stack size: 8

Lines Stmts  %   Files
----- ----- ---  -----
  402   337  41  Kod10.c
  661     0   0  ..\..\..\..\..\..\Program Files (x86)\PICC\Devices\16F877A.h
 1351   359  44  ..\..\..\..\..\..\Program Files (x86)\PICC\Drivers\stdlib.h
   32     0   0  ..\..\..\..\..\..\Program Files (x86)\PICC\Drivers\stddef.h
  423   125  15  ..\..\..\..\..\..\Program Files (x86)\PICC\Drivers\string.h
   28     0   0  ..\..\..\..\..\..\Program Files (x86)\PICC\Drivers\ctype.h
----- -----
 2897   821 Total

Page ROM  %  RAM   Vol Diff  Functions:
---- --- --- ---   --- ----  ----------
0     22   1    1   485  7.8  @delay_ms1
0     15   1    1   318  6.5  @delay_us1
 Inline         0   172  1.4  sagust
 Inline         0   172  1.4  ust
 Inline         0   172  1.4  solust
 Inline         0   172  1.4  sag
 Inline         0   172  1.4  orta
 Inline         0   172  1.4  sol
 Inline         0   172  1.4  sagalt
 Inline         0   172  1.4  alt
 Inline         0   172  1.4  solalt
0   1777  88    2  8779  6.5  serihaberlesme_kesmesi
0    147   7    1   618  1.9  MAIN
 Inline         0   172  1.4  @cinit1

Program metrics:
    Functions               14
    Statements              821
    Comments                927
    Volume (V)              15775
    Difficulty (D)          36.7
    Effort to implement (E) 579480
    Time to implement (T)   8 hours, 57 minutes
    Est Delivered Bugs (B)  2
    Cyclomatic Complexity   52
    Maintainability (MI)    70

 Segment     Used  Free
-----------  ----  ----
00000-00003     4  0  
00004-00030    45  0  
00031-007FF  1961  38  
00800-00FFF     0  2048  
01000-017FF     0  2048  
01800-01FFF     0  2048  



